<?xml version="1.0" encoding="UTF-8"?>

<beans xmlns="http://www.springframework.org/schema/beans"
       xmlns:xsi="http://www.w3.org/2001/XMLSchema-instance" xmlns:aop="http://www.springframework.org/schema/aop"
       xmlns:tx="http://www.springframework.org/schema/tx" xmlns:context="http://www.springframework.org/schema/context"

       xsi:schemaLocation=" 
          http://www.springframework.org/schema/beans http://www.springframework.org/schema/beans/spring-beans-2.5.xsd 
          http://www.springframework.org/schema/tx http://www.springframework.org/schema/tx/spring-tx-2.5.xsd 
          http://www.springframework.org/schema/aop http://www.springframework.org/schema/aop/spring-aop-2.5.xsd 
          http://www.springframework.org/schema/context http://www.springframework.org/schema/context/spring-context-2.5.xsd">
      
       <context:component-scan base-package="org.test.align.bean.TestAlignAccountsMain" />
       <context:annotation-config />

       <tx:annotation-driven />

       <bean id="sessionFactory"
              class="org.springframework.orm.hibernate3.annotation.AnnotationSessionFactoryBean">
             
             <property name="annotatedClasses">
             	<list>
             		<value>org.test.align.bean.TestAlignAccountsMain</value>
             		<value>org.test.align.bean.TestAlignCompanyMain</value>
             	</list>
             </property>

             <property name="hibernateProperties">
                    <props>
                           <prop key="hibernate.dialect">org.hibernate.dialect.MySQLDialect</prop>
                           <prop key="hibernate.connection.driver_class">com.mysql.jdbc.Driver</prop>
                           <prop key="hibernate.connection.url">jdbc:mysql://204.93.216.11:3306/kneibarg_test_align_db</prop>
                           <prop key="hibernate.connection.username">kneibarg_test</prop>
                           <prop key="hibernate.connection.password">test2014</prop>
                           <prop key="hibernate.show_sql">true</prop>
                           <prop key="hibernate.dialect">org.hibernate.dialect.MySQLDialect</prop>

                           <!--

                           <prop key="hibernate.hbm2ddl.auto">create</prop>

                           <prop key="hibernate.hbm2ddl.import_files">import.sql</prop> -->

                    </props>
             </property>
       </bean>

 

       <bean id="testAlignAccountsMain"
             class="org.test.align.dao.impl.TestAlignAccountMainDAOImpl">
             <property name="sessionFactory" ref="sessionFactory" />
       </bean>

       <bean id="transactionManager"
              class="org.springframework.orm.hibernate3.HibernateTransactionManager">
             <property name="sessionFactory" ref="sessionFactory" />
       </bean>
</beans>